<?xml version="1.0" encoding="UTF-8"?>
<testsuite name="Sample Test Suite" tests="5" failures="1" skipped="1" timestamp="2026-07-08T10:00:00">
    <testcase classname="com.example.MyTests" name="testExample1" time="0.5">
        <system-out>Test passed successfully</system-out>
    </testcase>
    <testcase classname="com.example.MyTests" name="testExample2" time="0.3">
        <failure message="Assertion failed">Expected true but got false</failure>
    </testcase>
    <testcase classname="com.example.OtherTests" name="testExample3" time="0.2">
        <system-out>Test passed</system-out>
    </testcase>
    <testcase classname="com.example.OtherTests" name="testExample4" time="0.1">
        <skipped message="Test skipped">Test was skipped for testing purposes</skipped>
    </testcase>
    <testcase classname="com.example.OtherTests" name="testExample5" time="0.4">
        <system-out>Test passed</system-out>
    </testcase>
</testsuite>
